<?xml version="1.0" encoding="UTF-8"?>
<!-- Generated by org.testng.reporters.JUnitXMLReporter -->
<testsuite ignored="0" hostname="LAPTOP-F2CIHLUJ" failures="0" tests="1" name="Run in Edge browser " time="1.897" errors="0" timestamp="2025-12-19T17:10:44 IST">
  <testcase classname="amazonmavenpackage.AmazonMavenProject.TestCase15_CartPageWithoutLogin" name="withoutLoginReachCartPage" time="0.001">
    <skipped/>
  </testcase> <!-- withoutLoginReachCartPage -->
</testsuite> <!-- Run in Edge browser  -->
