<?xml version="1.0" encoding="UTF-8"?>
<!-- Generated by org.testng.reporters.JUnitXMLReporter -->
<testsuite ignored="0" hostname="LAPTOP-F2CIHLUJ" failures="0" tests="2" name="Test" time="67.389" errors="0" timestamp="2026-02-18T16:44:32 IST">
  <testcase classname="amazonmavenpackage.AmazonMavenProject.TestCase5_SearchProduct" name="SearchingProduct" time="18.037"/>
  <testcase classname="amazonmavenpackage.AmazonMavenProject.TestCase7_ProductDetailPage" name="DetailPage" time="44.147"/>
</testsuite> <!-- Test -->
