<?xml version="1.0" encoding="UTF-8"?>
<!-- Generated by org.testng.reporters.JUnitXMLReporter -->
<testsuite ignored="0" hostname="LAPTOP-F2CIHLUJ" failures="0" tests="2" name="Test" time="65.178" errors="0" timestamp="2026-02-18T16:46:22 IST">
  <testcase classname="amazonmavenpackage.AmazonMavenProject.TestCase5_SearchProduct" name="SearchingProduct" time="20.668"/>
  <testcase classname="amazonmavenpackage.AmazonMavenProject.TestCase7_ProductDetailPage" name="DetailPage" time="38.983"/>
</testsuite> <!-- Test -->
