<?xml version="1.0" encoding="UTF-8"?>
<!-- Generated by org.testng.reporters.JUnitXMLReporter -->
<testsuite ignored="0" hostname="LAPTOP-F2CIHLUJ" failures="0" tests="2" name="Test" time="64.933" errors="0" timestamp="2026-02-19T15:28:15 IST">
  <testcase classname="amazonmavenpackage.AmazonMavenProject.TestCase5_SearchProduct" name="SearchingProduct" time="21.142"/>
  <testcase classname="amazonmavenpackage.AmazonMavenProject.TestCase7_ProductDetailPage" name="DetailPage" time="37.467"/>
</testsuite> <!-- Test -->
