<?xml version="1.0" encoding="UTF-8"?>
<testng-results ignored="0" total="2" passed="2" failed="0" skipped="0">
  <reporter-output>
    <line>
      <![CDATA[Test case passed]]>
    </line>
    <line>
      <![CDATA[Product price is displaying]]>
    </line>
    <line>
      <![CDATA[Product Description is not present]]>
    </line>
    <line>
      <![CDATA[Product Reviews are not displaying]]>
    </line>
    <line>
      <![CDATA[Test case passed]]>
    </line>
  </reporter-output>
  <suite started-at="2026-02-18T16:43:25 IST" name="Suite" finished-at="2026-02-18T16:44:32 IST" duration-ms="67389">
    <groups>
    </groups>
    <test started-at="2026-02-18T16:43:25 IST" name="Test" finished-at="2026-02-18T16:44:32 IST" duration-ms="67389">
      <class name="amazonmavenpackage.AmazonMavenProject.TestCase7_ProductDetailPage">
        <test-method is-config="true" signature="Launch()[pri:0, instance:amazonmavenpackage.AmazonMavenProject.TestCase7_ProductDetailPage@510f3d34]" started-at="2026-02-18T16:43:45 IST" name="Launch" finished-at="2026-02-18T16:43:47 IST" duration-ms="1926" status="PASS">
          <reporter-output>
          </reporter-output>
        </test-method> <!-- Launch -->
        <test-method signature="DetailPage()[pri:0, instance:amazonmavenpackage.AmazonMavenProject.TestCase7_ProductDetailPage@510f3d34]" started-at="2026-02-18T16:43:47 IST" name="DetailPage" finished-at="2026-02-18T16:44:32 IST" duration-ms="44147" status="PASS">
          <reporter-output>
            <line>
              <![CDATA[Product price is displaying]]>
            </line>
            <line>
              <![CDATA[Product Description is not present]]>
            </line>
            <line>
              <![CDATA[Product Reviews are not displaying]]>
            </line>
            <line>
              <![CDATA[Test case passed]]>
            </line>
          </reporter-output>
        </test-method> <!-- DetailPage -->
      </class> <!-- amazonmavenpackage.AmazonMavenProject.TestCase7_ProductDetailPage -->
      <class name="amazonmavenpackage.AmazonMavenProject.TestCase5_SearchProduct">
        <test-method is-config="true" signature="Launch()[pri:0, instance:amazonmavenpackage.AmazonMavenProject.TestCase5_SearchProduct@3fc2959f]" started-at="2026-02-18T16:43:25 IST" name="Launch" finished-at="2026-02-18T16:43:27 IST" duration-ms="2490" status="PASS">
          <reporter-output>
          </reporter-output>
        </test-method> <!-- Launch -->
        <test-method signature="SearchingProduct()[pri:0, instance:amazonmavenpackage.AmazonMavenProject.TestCase5_SearchProduct@3fc2959f]" started-at="2026-02-18T16:43:27 IST" name="SearchingProduct" finished-at="2026-02-18T16:43:45 IST" duration-ms="18037" status="PASS">
          <reporter-output>
            <line>
              <![CDATA[Test case passed]]>
            </line>
          </reporter-output>
        </test-method> <!-- SearchingProduct -->
      </class> <!-- amazonmavenpackage.AmazonMavenProject.TestCase5_SearchProduct -->
    </test> <!-- Test -->
  </suite> <!-- Suite -->
</testng-results>
