<?xml version="1.0" encoding="UTF-8"?>
<!-- Generated by org.testng.reporters.JUnitReportReporter -->
<testsuite hostname="LAPTOP-F2CIHLUJ" failures="0" tests="1" name="amazonmavenpackage.AmazonMavenProject.TestCase4_EditProfile" time="41.167" errors="0" timestamp="2025-08-30T19:03:28 IST" skipped="0">
  <testcase classname="amazonmavenpackage.AmazonMavenProject.TestCase4_EditProfile" name="editProfile" time="41.167">
    <system-out>
      <![CDATA[Your Account box is present
Add address box is present
Edit your address page
Address saved successfully
Test case passed]]>
    </system-out>
  </testcase> <!-- editProfile -->
  <system-out>
    <![CDATA[Test case passed
Test case Failed
Test case Failed
Test case Failed
Test case Failed
Your Account box is present
Add address box is present
Edit your address page
Address saved successfully
Test case passed
Product price is displaying
Product Description is not present
Product Reviews are not displaying
Test case passed
Test case Failed
Test case Failed
Test case Failed
Test case Failed
Test case Failed
Test case Failed]]>
  </system-out>
</testsuite> <!-- amazonmavenpackage.AmazonMavenProject.TestCase4_EditProfile -->
