<?xml version="1.0" encoding="UTF-8"?>
<!-- Generated by org.testng.reporters.JUnitReportReporter -->
<testsuite hostname="LAPTOP-F2CIHLUJ" failures="0" tests="3" name="amazonmavenpackage.AmazonMavenProject.TestCase12_SelectEachPaymentMethod" time="84.743" errors="1" timestamp="2025-08-30T19:03:28 IST" skipped="2">
  <testcase classname="amazonmavenpackage.AmazonMavenProject.TestCase12_SelectEachPaymentMethod" name="selectEachPaymentMethod" time="24.756">
    <skipped/>
  </testcase> <!-- selectEachPaymentMethod -->
  <testcase classname="amazonmavenpackage.AmazonMavenProject.TestCase12_SelectEachPaymentMethod" name="selectEachPaymentMethod" time="25.471">
    <error message="Cannot invoke &quot;org.openqa.selenium.WebDriver.getClass()&quot; because &quot;exceptionDriver&quot; is null" type="java.lang.NullPointerException">
      <![CDATA[java.lang.NullPointerException: Cannot invoke "org.openqa.selenium.WebDriver.getClass()" because "exceptionDriver" is null
at org.openqa.selenium.support.ui.WebDriverWait.timeoutException(WebDriverWait.java:85)
at org.openqa.selenium.support.ui.FluentWait.until(FluentWait.java:228)
at amazonmavenpackage.AmazonMavenProject.HomePage.hoverOver(HomePage.java:26)
at amazonmavenpackage.AmazonMavenProject.TestCase12_SelectEachPaymentMethod.selectEachPaymentMethod(TestCase12_SelectEachPaymentMethod.java:18)
at java.base/jdk.internal.reflect.DirectMethodHandleAccessor.invoke(DirectMethodHandleAccessor.java:103)
at java.base/java.lang.reflect.Method.invoke(Method.java:580)
at org.testng.internal.invokers.MethodInvocationHelper.invokeMethod(MethodInvocationHelper.java:141)
at org.testng.internal.invokers.TestInvoker.invokeMethod(TestInvoker.java:687)
at org.testng.internal.invokers.TestInvoker.retryFailed(TestInvoker.java:269)
at org.testng.internal.invokers.MethodRunner.runInSequence(MethodRunner.java:76)
at org.testng.internal.invokers.TestInvoker$MethodInvocationAgent.invoke(TestInvoker.java:995)
at org.testng.internal.invokers.TestInvoker.invokeTestMethods(TestInvoker.java:203)
at org.testng.internal.invokers.TestMethodWorker.invokeTestMethods(TestMethodWorker.java:154)
at org.testng.internal.invokers.TestMethodWorker.run(TestMethodWorker.java:134)
at java.base/java.util.ArrayList.forEach(ArrayList.java:1596)
at org.testng.TestRunner.privateRun(TestRunner.java:741)
at org.testng.TestRunner.run(TestRunner.java:616)
at org.testng.SuiteRunner.runTest(SuiteRunner.java:421)
at org.testng.SuiteRunner.runSequentially(SuiteRunner.java:413)
at org.testng.SuiteRunner.privateRun(SuiteRunner.java:373)
at org.testng.SuiteRunner.run(SuiteRunner.java:312)
at org.testng.SuiteRunnerWorker.runSuite(SuiteRunnerWorker.java:52)
at org.testng.SuiteRunnerWorker.run(SuiteRunnerWorker.java:95)
at org.testng.TestNG.runSuitesSequentially(TestNG.java:1274)
at org.testng.TestNG.runSuitesLocally(TestNG.java:1208)
at org.testng.TestNG.runSuites(TestNG.java:1112)
at org.testng.TestNG.run(TestNG.java:1079)
at org.testng.remote.AbstractRemoteTestNG.run(AbstractRemoteTestNG.java:115)
at org.testng.remote.RemoteTestNG.initAndRun(RemoteTestNG.java:293)
at org.testng.remote.RemoteTestNG.main(RemoteTestNG.java:91)
]]>
    </error>
    <system-out>
      <![CDATA[Test case Failed]]>
    </system-out>
  </testcase> <!-- selectEachPaymentMethod -->
  <testcase classname="amazonmavenpackage.AmazonMavenProject.TestCase12_SelectEachPaymentMethod" name="selectEachPaymentMethod" time="34.516">
    <skipped/>
  </testcase> <!-- selectEachPaymentMethod -->
  <system-out>
    <![CDATA[Test case passed
Test case Failed
Test case Failed
Test case Failed
Test case Failed
Your Account box is present
Add address box is present
Edit your address page
Address saved successfully
Test case passed
Product price is displaying
Product Description is not present
Product Reviews are not displaying
Test case passed
Test case Failed
Test case Failed
Test case Failed
Test case Failed
Test case Failed
Test case Failed]]>
  </system-out>
</testsuite> <!-- amazonmavenpackage.AmazonMavenProject.TestCase12_SelectEachPaymentMethod -->
