<?xml version="1.0" encoding="UTF-8"?>
<!-- Generated by org.testng.reporters.JUnitReportReporter -->
<testsuite hostname="LAPTOP-F2CIHLUJ" failures="0" tests="1" name="amazonmavenpackage.AmazonMavenProject.TestCase5_SearchProduct" time="24.186" errors="0" timestamp="2026-02-19T15:28:15 IST" skipped="0">
  <testcase classname="amazonmavenpackage.AmazonMavenProject.TestCase5_SearchProduct" name="SearchingProduct" time="24.186">
    <system-out>
      <![CDATA[Test case passed]]>
    </system-out>
  </testcase> <!-- SearchingProduct -->
  <system-out>
    <![CDATA[Test case passed
Product price is displaying
Product Description is not present
Product Reviews are not displaying
Test case passed]]>
  </system-out>
</testsuite> <!-- amazonmavenpackage.AmazonMavenProject.TestCase5_SearchProduct -->
