<?xml version="1.0" encoding="UTF-8"?>
<!-- Generated by org.testng.reporters.JUnitReportReporter -->
<testsuite hostname="LAPTOP-F2CIHLUJ" failures="0" tests="1" name="amazonmavenpackage.AmazonMavenProject.Testcase11_CheckoutProcess" time="55.215" errors="0" timestamp="2025-08-14T17:31:25 IST" skipped="0">
  <testcase classname="amazonmavenpackage.AmazonMavenProject.Testcase11_CheckoutProcess" name="checkoutProcess" time="55.215">
    <system-out>
      <![CDATA[Test case passed]]>
    </system-out>
  </testcase> <!-- checkoutProcess -->
  <system-out>
    <![CDATA[Test case passed
Test case passed
Test case passed
Your Account box is present
Add address box is present
Edit your address page
Address saved successfully
Test case passed
Product price is displaying
Product Description is not present
Product Reviews are displaying
Test case passed
Test case passed
Test case Failed
Landed on Shopping cart page
Test case passed
Test case passed
Test case passed
Test case passed]]>
  </system-out>
</testsuite> <!-- amazonmavenpackage.AmazonMavenProject.Testcase11_CheckoutProcess -->
